2019-01-17 17:44:28,740 [Worker-13] INFO  o.e.m.c.i.p.ProjectConfigurationManager - Collecting project info '/pom.xml' C:\Users\bhushan.kakad.ATMECS\gitWorkspaceforJava\SimpleJava\pom.xml
2019-01-17 17:44:32,635 [Worker-13] INFO  o.e.m.c.i.l.LifecycleMappingFactory - Using org.eclipse.m2e.jdt.JarLifecycleMapping lifecycle mapping for MavenProject: com.atmecs:SimpleJava:0.0.1-SNAPSHOT @ C:\Users\bhushan.kakad.ATMECS\gitWorkspaceforJava\SimpleJava\pom.xml.
2019-01-17 17:44:33,905 [Worker-13] INFO  o.e.m.j.i.AbstractJavaProjectConfigurator - Adding source folder /SimpleJava/src/main/java
2019-01-17 17:44:33,908 [Worker-13] INFO  o.e.m.j.i.AbstractJavaProjectConfigurator - Adding source folder /SimpleJava/src/test/java
2019-01-17 17:44:34,938 [Worker-13] INFO  o.e.m.c.i.p.ProjectConfigurationManager - Imported and configured 1 project(s) in 6 sec
2019-01-17 17:44:35,468 [Worker-21] INFO  o.e.m.c.i.embedder.EclipseLogger - Using 'UTF-8' encoding to copy filtered resources.
2019-01-17 17:44:35,469 [Worker-21] INFO  o.e.m.c.i.embedder.EclipseLogger - skip non existing resourceDirectory C:\Users\bhushan.kakad.ATMECS\gitWorkspaceforJava\SimpleJava\src\main\resources
2019-01-17 17:44:35,471 [Worker-21] INFO  o.e.m.c.i.embedder.EclipseLogger - Using 'UTF-8' encoding to copy filtered resources.
2019-01-17 17:44:35,471 [Worker-21] INFO  o.e.m.c.i.embedder.EclipseLogger - skip non existing resourceDirectory C:\Users\bhushan.kakad.ATMECS\gitWorkspaceforJava\SimpleJava\src\test\resources
2019-01-17 17:44:53,457 [Worker-17] INFO  o.e.m.c.i.embedder.EclipseLogger - Using 'UTF-8' encoding to copy filtered resources.
2019-01-17 17:44:53,457 [Worker-17] INFO  o.e.m.c.i.embedder.EclipseLogger - skip non existing resourceDirectory C:\Users\bhushan.kakad.ATMECS\gitWorkspaceforJava\SimpleJava\src\main\resources
2019-01-17 17:44:53,458 [Worker-17] INFO  o.e.m.c.i.embedder.EclipseLogger - Using 'UTF-8' encoding to copy filtered resources.
2019-01-17 17:44:53,458 [Worker-17] INFO  o.e.m.c.i.embedder.EclipseLogger - skip non existing resourceDirectory C:\Users\bhushan.kakad.ATMECS\gitWorkspaceforJava\SimpleJava\src\test\resources
2019-01-17 17:45:14,345 [Worker-2] INFO  o.e.m.c.i.embedder.EclipseLogger - Using 'UTF-8' encoding to copy filtered resources.
2019-01-17 17:45:14,345 [Worker-2] INFO  o.e.m.c.i.embedder.EclipseLogger - skip non existing resourceDirectory C:\Users\bhushan.kakad.ATMECS\gitWorkspaceforJava\SimpleJava\src\main\resources
2019-01-17 17:45:14,346 [Worker-2] INFO  o.e.m.c.i.embedder.EclipseLogger - Using 'UTF-8' encoding to copy filtered resources.
2019-01-17 17:45:14,347 [Worker-2] INFO  o.e.m.c.i.embedder.EclipseLogger - skip non existing resourceDirectory C:\Users\bhushan.kakad.ATMECS\gitWorkspaceforJava\SimpleJava\src\test\resources
2019-01-17 17:45:15,453 [Worker-1] INFO  o.e.m.c.i.embedder.EclipseLogger - Using 'UTF-8' encoding to copy filtered resources.
2019-01-17 17:45:15,453 [Worker-1] INFO  o.e.m.c.i.embedder.EclipseLogger - skip non existing resourceDirectory C:\Users\bhushan.kakad.ATMECS\gitWorkspaceforJava\SimpleJava\src\main\resources
2019-01-17 17:45:15,454 [Worker-1] INFO  o.e.m.c.i.embedder.EclipseLogger - Using 'UTF-8' encoding to copy filtered resources.
2019-01-17 17:45:15,456 [Worker-1] INFO  o.e.m.c.i.embedder.EclipseLogger - skip non existing resourceDirectory C:\Users\bhushan.kakad.ATMECS\gitWorkspaceforJava\SimpleJava\src\test\resources
2019-01-17 17:45:39,773 [Worker-16] INFO  o.e.m.c.i.embedder.EclipseLogger - Using 'UTF-8' encoding to copy filtered resources.
2019-01-17 17:45:39,773 [Worker-16] INFO  o.e.m.c.i.embedder.EclipseLogger - skip non existing resourceDirectory C:\Users\bhushan.kakad.ATMECS\gitWorkspaceforJava\SimpleJava\src\main\resources
